c:\users\jacobapsimos\desktop\movewin\movewin\debug\movewin.pch
c:\users\jacobapsimos\desktop\movewin\movewin\debug\vc142.pdb
c:\users\jacobapsimos\desktop\movewin\movewin\debug\vc142.idb
c:\users\jacobapsimos\desktop\movewin\movewin\debug\pch.obj
c:\users\jacobapsimos\desktop\movewin\movewin\debug\windowhwnd.obj
c:\users\jacobapsimos\desktop\movewin\movewin\debug\movewindlg.obj
c:\users\jacobapsimos\desktop\movewin\movewin\debug\movewin.obj
c:\users\jacobapsimos\desktop\movewin\movewin\debug\cselectpositiondlg.obj
c:\users\jacobapsimos\desktop\movewin\movewin\debug\movewin.res
c:\users\jacobapsimos\desktop\movewin\movewin\debug\movewin.ilk
c:\users\jacobapsimos\desktop\movewin\debug\movewin.pdb
c:\users\jacobapsimos\desktop\movewin\debug\movewin.exe
c:\users\jacobapsimos\desktop\movewin\movewin\debug\movewin.tlog\cl.command.1.tlog
c:\users\jacobapsimos\desktop\movewin\movewin\debug\movewin.tlog\cl.read.1.tlog
c:\users\jacobapsimos\desktop\movewin\movewin\debug\movewin.tlog\cl.write.1.tlog
c:\users\jacobapsimos\desktop\movewin\movewin\debug\movewin.tlog\link.command.1.tlog
c:\users\jacobapsimos\desktop\movewin\movewin\debug\movewin.tlog\link.read.1.tlog
c:\users\jacobapsimos\desktop\movewin\movewin\debug\movewin.tlog\link.write.1.tlog
c:\users\jacobapsimos\desktop\movewin\movewin\debug\movewin.tlog\rc.command.1.tlog
c:\users\jacobapsimos\desktop\movewin\movewin\debug\movewin.tlog\rc.read.1.tlog
c:\users\jacobapsimos\desktop\movewin\movewin\debug\movewin.tlog\rc.write.1.tlog
